2018/10/07 13:52:59 [error] [php] Trying to get property of non-object (C:\xampp\htdocs\cepucup\protected\views\site\index.php:4)
Stack trace:
#0 C:\xampp\htdocs\yii\framework\web\CController.php(869): SiteController->renderFile()
#1 C:\xampp\htdocs\yii\framework\web\CController.php(782): SiteController->renderPartial()
#2 C:\xampp\htdocs\cepucup\protected\controllers\SiteController.php(32): SiteController->render()
#3 C:\xampp\htdocs\yii\framework\web\actions\CInlineAction.php(49): SiteController->actionIndex()
#4 C:\xampp\htdocs\yii\framework\web\CController.php(308): CInlineAction->runWithParams()
#5 C:\xampp\htdocs\yii\framework\web\CController.php(286): SiteController->runAction()
#6 C:\xampp\htdocs\yii\framework\web\CController.php(265): SiteController->runActionWithFilters()
#7 C:\xampp\htdocs\yii\framework\web\CWebApplication.php(282): SiteController->run()
#8 C:\xampp\htdocs\yii\framework\web\CWebApplication.php(141): CWebApplication->runController()
#9 C:\xampp\htdocs\yii\framework\base\CApplication.php(184): CWebApplication->processRequest()
#10 C:\xampp\htdocs\cepucup\index.php(13): CWebApplication->run()
REQUEST_URI=/cepucup/
in C:\xampp\htdocs\cepucup\protected\views\site\index.php (4)
in C:\xampp\htdocs\cepucup\protected\controllers\SiteController.php (32)
in C:\xampp\htdocs\cepucup\index.php (13)
2018/10/07 13:54:48 [error] [php] Trying to get property of non-object (C:\xampp\htdocs\cepucup\protected\views\site\index.php:4)
Stack trace:
#0 C:\xampp\htdocs\yii\framework\web\CController.php(869): SiteController->renderFile()
#1 C:\xampp\htdocs\yii\framework\web\CController.php(782): SiteController->renderPartial()
#2 C:\xampp\htdocs\cepucup\protected\controllers\SiteController.php(32): SiteController->render()
#3 C:\xampp\htdocs\yii\framework\web\actions\CInlineAction.php(49): SiteController->actionIndex()
#4 C:\xampp\htdocs\yii\framework\web\CController.php(308): CInlineAction->runWithParams()
#5 C:\xampp\htdocs\yii\framework\web\CController.php(286): SiteController->runAction()
#6 C:\xampp\htdocs\yii\framework\web\CController.php(265): SiteController->runActionWithFilters()
#7 C:\xampp\htdocs\yii\framework\web\CWebApplication.php(282): SiteController->run()
#8 C:\xampp\htdocs\yii\framework\web\CWebApplication.php(141): CWebApplication->runController()
#9 C:\xampp\htdocs\yii\framework\base\CApplication.php(184): CWebApplication->processRequest()
#10 C:\xampp\htdocs\cepucup\index.php(13): CWebApplication->run()
REQUEST_URI=/cepucup/
in C:\xampp\htdocs\cepucup\protected\views\site\index.php (4)
in C:\xampp\htdocs\cepucup\protected\controllers\SiteController.php (32)
in C:\xampp\htdocs\cepucup\index.php (13)
2018/10/07 13:57:01 [error] [php] Trying to get property of non-object (C:\xampp\htdocs\cepucup\protected\views\site\index.php:4)
Stack trace:
#0 C:\xampp\htdocs\yii\framework\web\CController.php(869): SiteController->renderFile()
#1 C:\xampp\htdocs\yii\framework\web\CController.php(782): SiteController->renderPartial()
#2 C:\xampp\htdocs\cepucup\protected\controllers\SiteController.php(32): SiteController->render()
#3 C:\xampp\htdocs\yii\framework\web\actions\CInlineAction.php(49): SiteController->actionIndex()
#4 C:\xampp\htdocs\yii\framework\web\CController.php(308): CInlineAction->runWithParams()
#5 C:\xampp\htdocs\yii\framework\web\CController.php(286): SiteController->runAction()
#6 C:\xampp\htdocs\yii\framework\web\CController.php(265): SiteController->runActionWithFilters()
#7 C:\xampp\htdocs\yii\framework\web\CWebApplication.php(282): SiteController->run()
#8 C:\xampp\htdocs\yii\framework\web\CWebApplication.php(141): CWebApplication->runController()
#9 C:\xampp\htdocs\yii\framework\base\CApplication.php(184): CWebApplication->processRequest()
#10 C:\xampp\htdocs\cepucup\index.php(13): CWebApplication->run()
REQUEST_URI=/cepucup/
in C:\xampp\htdocs\cepucup\protected\views\site\index.php (4)
in C:\xampp\htdocs\cepucup\protected\controllers\SiteController.php (32)
in C:\xampp\htdocs\cepucup\index.php (13)
2018/10/07 13:57:04 [error] [php] Trying to get property of non-object (C:\xampp\htdocs\cepucup\protected\views\site\index.php:4)
Stack trace:
#0 C:\xampp\htdocs\yii\framework\web\CController.php(869): SiteController->renderFile()
#1 C:\xampp\htdocs\yii\framework\web\CController.php(782): SiteController->renderPartial()
#2 C:\xampp\htdocs\cepucup\protected\controllers\SiteController.php(32): SiteController->render()
#3 C:\xampp\htdocs\yii\framework\web\actions\CInlineAction.php(49): SiteController->actionIndex()
#4 C:\xampp\htdocs\yii\framework\web\CController.php(308): CInlineAction->runWithParams()
#5 C:\xampp\htdocs\yii\framework\web\CController.php(286): SiteController->runAction()
#6 C:\xampp\htdocs\yii\framework\web\CController.php(265): SiteController->runActionWithFilters()
#7 C:\xampp\htdocs\yii\framework\web\CWebApplication.php(282): SiteController->run()
#8 C:\xampp\htdocs\yii\framework\web\CWebApplication.php(141): CWebApplication->runController()
#9 C:\xampp\htdocs\yii\framework\base\CApplication.php(184): CWebApplication->processRequest()
#10 C:\xampp\htdocs\cepucup\index.php(13): CWebApplication->run()
REQUEST_URI=/cepucup/
in C:\xampp\htdocs\cepucup\protected\views\site\index.php (4)
in C:\xampp\htdocs\cepucup\protected\controllers\SiteController.php (32)
in C:\xampp\htdocs\cepucup\index.php (13)
2018/10/07 13:57:05 [error] [php] Trying to get property of non-object (C:\xampp\htdocs\cepucup\protected\views\site\index.php:4)
Stack trace:
#0 C:\xampp\htdocs\yii\framework\web\CController.php(869): SiteController->renderFile()
#1 C:\xampp\htdocs\yii\framework\web\CController.php(782): SiteController->renderPartial()
#2 C:\xampp\htdocs\cepucup\protected\controllers\SiteController.php(32): SiteController->render()
#3 C:\xampp\htdocs\yii\framework\web\actions\CInlineAction.php(49): SiteController->actionIndex()
#4 C:\xampp\htdocs\yii\framework\web\CController.php(308): CInlineAction->runWithParams()
#5 C:\xampp\htdocs\yii\framework\web\CController.php(286): SiteController->runAction()
#6 C:\xampp\htdocs\yii\framework\web\CController.php(265): SiteController->runActionWithFilters()
#7 C:\xampp\htdocs\yii\framework\web\CWebApplication.php(282): SiteController->run()
#8 C:\xampp\htdocs\yii\framework\web\CWebApplication.php(141): CWebApplication->runController()
#9 C:\xampp\htdocs\yii\framework\base\CApplication.php(184): CWebApplication->processRequest()
#10 C:\xampp\htdocs\cepucup\index.php(13): CWebApplication->run()
REQUEST_URI=/cepucup/
in C:\xampp\htdocs\cepucup\protected\views\site\index.php (4)
in C:\xampp\htdocs\cepucup\protected\controllers\SiteController.php (32)
in C:\xampp\htdocs\cepucup\index.php (13)
2018/10/07 13:57:05 [error] [php] Trying to get property of non-object (C:\xampp\htdocs\cepucup\protected\views\site\index.php:4)
Stack trace:
#0 C:\xampp\htdocs\yii\framework\web\CController.php(869): SiteController->renderFile()
#1 C:\xampp\htdocs\yii\framework\web\CController.php(782): SiteController->renderPartial()
#2 C:\xampp\htdocs\cepucup\protected\controllers\SiteController.php(32): SiteController->render()
#3 C:\xampp\htdocs\yii\framework\web\actions\CInlineAction.php(49): SiteController->actionIndex()
#4 C:\xampp\htdocs\yii\framework\web\CController.php(308): CInlineAction->runWithParams()
#5 C:\xampp\htdocs\yii\framework\web\CController.php(286): SiteController->runAction()
#6 C:\xampp\htdocs\yii\framework\web\CController.php(265): SiteController->runActionWithFilters()
#7 C:\xampp\htdocs\yii\framework\web\CWebApplication.php(282): SiteController->run()
#8 C:\xampp\htdocs\yii\framework\web\CWebApplication.php(141): CWebApplication->runController()
#9 C:\xampp\htdocs\yii\framework\base\CApplication.php(184): CWebApplication->processRequest()
#10 C:\xampp\htdocs\cepucup\index.php(13): CWebApplication->run()
REQUEST_URI=/cepucup/
in C:\xampp\htdocs\cepucup\protected\views\site\index.php (4)
in C:\xampp\htdocs\cepucup\protected\controllers\SiteController.php (32)
in C:\xampp\htdocs\cepucup\index.php (13)
2018/10/07 13:57:05 [error] [php] Trying to get property of non-object (C:\xampp\htdocs\cepucup\protected\views\site\index.php:4)
Stack trace:
#0 C:\xampp\htdocs\yii\framework\web\CController.php(869): SiteController->renderFile()
#1 C:\xampp\htdocs\yii\framework\web\CController.php(782): SiteController->renderPartial()
#2 C:\xampp\htdocs\cepucup\protected\controllers\SiteController.php(32): SiteController->render()
#3 C:\xampp\htdocs\yii\framework\web\actions\CInlineAction.php(49): SiteController->actionIndex()
#4 C:\xampp\htdocs\yii\framework\web\CController.php(308): CInlineAction->runWithParams()
#5 C:\xampp\htdocs\yii\framework\web\CController.php(286): SiteController->runAction()
#6 C:\xampp\htdocs\yii\framework\web\CController.php(265): SiteController->runActionWithFilters()
#7 C:\xampp\htdocs\yii\framework\web\CWebApplication.php(282): SiteController->run()
#8 C:\xampp\htdocs\yii\framework\web\CWebApplication.php(141): CWebApplication->runController()
#9 C:\xampp\htdocs\yii\framework\base\CApplication.php(184): CWebApplication->processRequest()
#10 C:\xampp\htdocs\cepucup\index.php(13): CWebApplication->run()
REQUEST_URI=/cepucup/
in C:\xampp\htdocs\cepucup\protected\views\site\index.php (4)
in C:\xampp\htdocs\cepucup\protected\controllers\SiteController.php (32)
in C:\xampp\htdocs\cepucup\index.php (13)
2018/10/07 13:57:05 [error] [php] Trying to get property of non-object (C:\xampp\htdocs\cepucup\protected\views\site\index.php:4)
Stack trace:
#0 C:\xampp\htdocs\yii\framework\web\CController.php(869): SiteController->renderFile()
#1 C:\xampp\htdocs\yii\framework\web\CController.php(782): SiteController->renderPartial()
#2 C:\xampp\htdocs\cepucup\protected\controllers\SiteController.php(32): SiteController->render()
#3 C:\xampp\htdocs\yii\framework\web\actions\CInlineAction.php(49): SiteController->actionIndex()
#4 C:\xampp\htdocs\yii\framework\web\CController.php(308): CInlineAction->runWithParams()
#5 C:\xampp\htdocs\yii\framework\web\CController.php(286): SiteController->runAction()
#6 C:\xampp\htdocs\yii\framework\web\CController.php(265): SiteController->runActionWithFilters()
#7 C:\xampp\htdocs\yii\framework\web\CWebApplication.php(282): SiteController->run()
#8 C:\xampp\htdocs\yii\framework\web\CWebApplication.php(141): CWebApplication->runController()
#9 C:\xampp\htdocs\yii\framework\base\CApplication.php(184): CWebApplication->processRequest()
#10 C:\xampp\htdocs\cepucup\index.php(13): CWebApplication->run()
REQUEST_URI=/cepucup/
in C:\xampp\htdocs\cepucup\protected\views\site\index.php (4)
in C:\xampp\htdocs\cepucup\protected\controllers\SiteController.php (32)
in C:\xampp\htdocs\cepucup\index.php (13)
2018/10/07 13:57:05 [error] [php] Trying to get property of non-object (C:\xampp\htdocs\cepucup\protected\views\site\index.php:4)
Stack trace:
#0 C:\xampp\htdocs\yii\framework\web\CController.php(869): SiteController->renderFile()
#1 C:\xampp\htdocs\yii\framework\web\CController.php(782): SiteController->renderPartial()
#2 C:\xampp\htdocs\cepucup\protected\controllers\SiteController.php(32): SiteController->render()
#3 C:\xampp\htdocs\yii\framework\web\actions\CInlineAction.php(49): SiteController->actionIndex()
#4 C:\xampp\htdocs\yii\framework\web\CController.php(308): CInlineAction->runWithParams()
#5 C:\xampp\htdocs\yii\framework\web\CController.php(286): SiteController->runAction()
#6 C:\xampp\htdocs\yii\framework\web\CController.php(265): SiteController->runActionWithFilters()
#7 C:\xampp\htdocs\yii\framework\web\CWebApplication.php(282): SiteController->run()
#8 C:\xampp\htdocs\yii\framework\web\CWebApplication.php(141): CWebApplication->runController()
#9 C:\xampp\htdocs\yii\framework\base\CApplication.php(184): CWebApplication->processRequest()
#10 C:\xampp\htdocs\cepucup\index.php(13): CWebApplication->run()
REQUEST_URI=/cepucup/
in C:\xampp\htdocs\cepucup\protected\views\site\index.php (4)
in C:\xampp\htdocs\cepucup\protected\controllers\SiteController.php (32)
in C:\xampp\htdocs\cepucup\index.php (13)
2018/10/07 13:57:06 [error] [php] Trying to get property of non-object (C:\xampp\htdocs\cepucup\protected\views\site\index.php:4)
Stack trace:
#0 C:\xampp\htdocs\yii\framework\web\CController.php(869): SiteController->renderFile()
#1 C:\xampp\htdocs\yii\framework\web\CController.php(782): SiteController->renderPartial()
#2 C:\xampp\htdocs\cepucup\protected\controllers\SiteController.php(32): SiteController->render()
#3 C:\xampp\htdocs\yii\framework\web\actions\CInlineAction.php(49): SiteController->actionIndex()
#4 C:\xampp\htdocs\yii\framework\web\CController.php(308): CInlineAction->runWithParams()
#5 C:\xampp\htdocs\yii\framework\web\CController.php(286): SiteController->runAction()
#6 C:\xampp\htdocs\yii\framework\web\CController.php(265): SiteController->runActionWithFilters()
#7 C:\xampp\htdocs\yii\framework\web\CWebApplication.php(282): SiteController->run()
#8 C:\xampp\htdocs\yii\framework\web\CWebApplication.php(141): CWebApplication->runController()
#9 C:\xampp\htdocs\yii\framework\base\CApplication.php(184): CWebApplication->processRequest()
#10 C:\xampp\htdocs\cepucup\index.php(13): CWebApplication->run()
REQUEST_URI=/cepucup/
in C:\xampp\htdocs\cepucup\protected\views\site\index.php (4)
in C:\xampp\htdocs\cepucup\protected\controllers\SiteController.php (32)
in C:\xampp\htdocs\cepucup\index.php (13)
2018/10/07 13:57:06 [error] [php] Trying to get property of non-object (C:\xampp\htdocs\cepucup\protected\views\site\index.php:4)
Stack trace:
#0 C:\xampp\htdocs\yii\framework\web\CController.php(869): SiteController->renderFile()
#1 C:\xampp\htdocs\yii\framework\web\CController.php(782): SiteController->renderPartial()
#2 C:\xampp\htdocs\cepucup\protected\controllers\SiteController.php(32): SiteController->render()
#3 C:\xampp\htdocs\yii\framework\web\actions\CInlineAction.php(49): SiteController->actionIndex()
#4 C:\xampp\htdocs\yii\framework\web\CController.php(308): CInlineAction->runWithParams()
#5 C:\xampp\htdocs\yii\framework\web\CController.php(286): SiteController->runAction()
#6 C:\xampp\htdocs\yii\framework\web\CController.php(265): SiteController->runActionWithFilters()
#7 C:\xampp\htdocs\yii\framework\web\CWebApplication.php(282): SiteController->run()
#8 C:\xampp\htdocs\yii\framework\web\CWebApplication.php(141): CWebApplication->runController()
#9 C:\xampp\htdocs\yii\framework\base\CApplication.php(184): CWebApplication->processRequest()
#10 C:\xampp\htdocs\cepucup\index.php(13): CWebApplication->run()
REQUEST_URI=/cepucup/
in C:\xampp\htdocs\cepucup\protected\views\site\index.php (4)
in C:\xampp\htdocs\cepucup\protected\controllers\SiteController.php (32)
in C:\xampp\htdocs\cepucup\index.php (13)
2018/10/07 13:57:06 [error] [php] Trying to get property of non-object (C:\xampp\htdocs\cepucup\protected\views\site\index.php:4)
Stack trace:
#0 C:\xampp\htdocs\yii\framework\web\CController.php(869): SiteController->renderFile()
#1 C:\xampp\htdocs\yii\framework\web\CController.php(782): SiteController->renderPartial()
#2 C:\xampp\htdocs\cepucup\protected\controllers\SiteController.php(32): SiteController->render()
#3 C:\xampp\htdocs\yii\framework\web\actions\CInlineAction.php(49): SiteController->actionIndex()
#4 C:\xampp\htdocs\yii\framework\web\CController.php(308): CInlineAction->runWithParams()
#5 C:\xampp\htdocs\yii\framework\web\CController.php(286): SiteController->runAction()
#6 C:\xampp\htdocs\yii\framework\web\CController.php(265): SiteController->runActionWithFilters()
#7 C:\xampp\htdocs\yii\framework\web\CWebApplication.php(282): SiteController->run()
#8 C:\xampp\htdocs\yii\framework\web\CWebApplication.php(141): CWebApplication->runController()
#9 C:\xampp\htdocs\yii\framework\base\CApplication.php(184): CWebApplication->processRequest()
#10 C:\xampp\htdocs\cepucup\index.php(13): CWebApplication->run()
REQUEST_URI=/cepucup/
in C:\xampp\htdocs\cepucup\protected\views\site\index.php (4)
in C:\xampp\htdocs\cepucup\protected\controllers\SiteController.php (32)
in C:\xampp\htdocs\cepucup\index.php (13)
2018/10/07 13:57:06 [error] [php] Trying to get property of non-object (C:\xampp\htdocs\cepucup\protected\views\site\index.php:4)
Stack trace:
#0 C:\xampp\htdocs\yii\framework\web\CController.php(869): SiteController->renderFile()
#1 C:\xampp\htdocs\yii\framework\web\CController.php(782): SiteController->renderPartial()
#2 C:\xampp\htdocs\cepucup\protected\controllers\SiteController.php(32): SiteController->render()
#3 C:\xampp\htdocs\yii\framework\web\actions\CInlineAction.php(49): SiteController->actionIndex()
#4 C:\xampp\htdocs\yii\framework\web\CController.php(308): CInlineAction->runWithParams()
#5 C:\xampp\htdocs\yii\framework\web\CController.php(286): SiteController->runAction()
#6 C:\xampp\htdocs\yii\framework\web\CController.php(265): SiteController->runActionWithFilters()
#7 C:\xampp\htdocs\yii\framework\web\CWebApplication.php(282): SiteController->run()
#8 C:\xampp\htdocs\yii\framework\web\CWebApplication.php(141): CWebApplication->runController()
#9 C:\xampp\htdocs\yii\framework\base\CApplication.php(184): CWebApplication->processRequest()
#10 C:\xampp\htdocs\cepucup\index.php(13): CWebApplication->run()
REQUEST_URI=/cepucup/
in C:\xampp\htdocs\cepucup\protected\views\site\index.php (4)
in C:\xampp\htdocs\cepucup\protected\controllers\SiteController.php (32)
in C:\xampp\htdocs\cepucup\index.php (13)
2018/10/07 13:57:06 [error] [php] Trying to get property of non-object (C:\xampp\htdocs\cepucup\protected\views\site\index.php:4)
Stack trace:
#0 C:\xampp\htdocs\yii\framework\web\CController.php(869): SiteController->renderFile()
#1 C:\xampp\htdocs\yii\framework\web\CController.php(782): SiteController->renderPartial()
#2 C:\xampp\htdocs\cepucup\protected\controllers\SiteController.php(32): SiteController->render()
#3 C:\xampp\htdocs\yii\framework\web\actions\CInlineAction.php(49): SiteController->actionIndex()
#4 C:\xampp\htdocs\yii\framework\web\CController.php(308): CInlineAction->runWithParams()
#5 C:\xampp\htdocs\yii\framework\web\CController.php(286): SiteController->runAction()
#6 C:\xampp\htdocs\yii\framework\web\CController.php(265): SiteController->runActionWithFilters()
#7 C:\xampp\htdocs\yii\framework\web\CWebApplication.php(282): SiteController->run()
#8 C:\xampp\htdocs\yii\framework\web\CWebApplication.php(141): CWebApplication->runController()
#9 C:\xampp\htdocs\yii\framework\base\CApplication.php(184): CWebApplication->processRequest()
#10 C:\xampp\htdocs\cepucup\index.php(13): CWebApplication->run()
REQUEST_URI=/cepucup/
in C:\xampp\htdocs\cepucup\protected\views\site\index.php (4)
in C:\xampp\htdocs\cepucup\protected\controllers\SiteController.php (32)
in C:\xampp\htdocs\cepucup\index.php (13)
2018/10/07 13:57:07 [error] [php] Trying to get property of non-object (C:\xampp\htdocs\cepucup\protected\views\site\index.php:4)
Stack trace:
#0 C:\xampp\htdocs\yii\framework\web\CController.php(869): SiteController->renderFile()
#1 C:\xampp\htdocs\yii\framework\web\CController.php(782): SiteController->renderPartial()
#2 C:\xampp\htdocs\cepucup\protected\controllers\SiteController.php(32): SiteController->render()
#3 C:\xampp\htdocs\yii\framework\web\actions\CInlineAction.php(49): SiteController->actionIndex()
#4 C:\xampp\htdocs\yii\framework\web\CController.php(308): CInlineAction->runWithParams()
#5 C:\xampp\htdocs\yii\framework\web\CController.php(286): SiteController->runAction()
#6 C:\xampp\htdocs\yii\framework\web\CController.php(265): SiteController->runActionWithFilters()
#7 C:\xampp\htdocs\yii\framework\web\CWebApplication.php(282): SiteController->run()
#8 C:\xampp\htdocs\yii\framework\web\CWebApplication.php(141): CWebApplication->runController()
#9 C:\xampp\htdocs\yii\framework\base\CApplication.php(184): CWebApplication->processRequest()
#10 C:\xampp\htdocs\cepucup\index.php(13): CWebApplication->run()
REQUEST_URI=/cepucup/
in C:\xampp\htdocs\cepucup\protected\views\site\index.php (4)
in C:\xampp\htdocs\cepucup\protected\controllers\SiteController.php (32)
in C:\xampp\htdocs\cepucup\index.php (13)
2018/10/07 13:57:07 [error] [php] Trying to get property of non-object (C:\xampp\htdocs\cepucup\protected\views\site\index.php:4)
Stack trace:
#0 C:\xampp\htdocs\yii\framework\web\CController.php(869): SiteController->renderFile()
#1 C:\xampp\htdocs\yii\framework\web\CController.php(782): SiteController->renderPartial()
#2 C:\xampp\htdocs\cepucup\protected\controllers\SiteController.php(32): SiteController->render()
#3 C:\xampp\htdocs\yii\framework\web\actions\CInlineAction.php(49): SiteController->actionIndex()
#4 C:\xampp\htdocs\yii\framework\web\CController.php(308): CInlineAction->runWithParams()
#5 C:\xampp\htdocs\yii\framework\web\CController.php(286): SiteController->runAction()
#6 C:\xampp\htdocs\yii\framework\web\CController.php(265): SiteController->runActionWithFilters()
#7 C:\xampp\htdocs\yii\framework\web\CWebApplication.php(282): SiteController->run()
#8 C:\xampp\htdocs\yii\framework\web\CWebApplication.php(141): CWebApplication->runController()
#9 C:\xampp\htdocs\yii\framework\base\CApplication.php(184): CWebApplication->processRequest()
#10 C:\xampp\htdocs\cepucup\index.php(13): CWebApplication->run()
REQUEST_URI=/cepucup/
in C:\xampp\htdocs\cepucup\protected\views\site\index.php (4)
in C:\xampp\htdocs\cepucup\protected\controllers\SiteController.php (32)
in C:\xampp\htdocs\cepucup\index.php (13)
2018/10/07 13:57:07 [error] [php] Trying to get property of non-object (C:\xampp\htdocs\cepucup\protected\views\site\index.php:4)
Stack trace:
#0 C:\xampp\htdocs\yii\framework\web\CController.php(869): SiteController->renderFile()
#1 C:\xampp\htdocs\yii\framework\web\CController.php(782): SiteController->renderPartial()
#2 C:\xampp\htdocs\cepucup\protected\controllers\SiteController.php(32): SiteController->render()
#3 C:\xampp\htdocs\yii\framework\web\actions\CInlineAction.php(49): SiteController->actionIndex()
#4 C:\xampp\htdocs\yii\framework\web\CController.php(308): CInlineAction->runWithParams()
#5 C:\xampp\htdocs\yii\framework\web\CController.php(286): SiteController->runAction()
#6 C:\xampp\htdocs\yii\framework\web\CController.php(265): SiteController->runActionWithFilters()
#7 C:\xampp\htdocs\yii\framework\web\CWebApplication.php(282): SiteController->run()
#8 C:\xampp\htdocs\yii\framework\web\CWebApplication.php(141): CWebApplication->runController()
#9 C:\xampp\htdocs\yii\framework\base\CApplication.php(184): CWebApplication->processRequest()
#10 C:\xampp\htdocs\cepucup\index.php(13): CWebApplication->run()
REQUEST_URI=/cepucup/
in C:\xampp\htdocs\cepucup\protected\views\site\index.php (4)
in C:\xampp\htdocs\cepucup\protected\controllers\SiteController.php (32)
in C:\xampp\htdocs\cepucup\index.php (13)
2018/10/07 13:57:07 [error] [php] Trying to get property of non-object (C:\xampp\htdocs\cepucup\protected\views\site\index.php:4)
Stack trace:
#0 C:\xampp\htdocs\yii\framework\web\CController.php(869): SiteController->renderFile()
#1 C:\xampp\htdocs\yii\framework\web\CController.php(782): SiteController->renderPartial()
#2 C:\xampp\htdocs\cepucup\protected\controllers\SiteController.php(32): SiteController->render()
#3 C:\xampp\htdocs\yii\framework\web\actions\CInlineAction.php(49): SiteController->actionIndex()
#4 C:\xampp\htdocs\yii\framework\web\CController.php(308): CInlineAction->runWithParams()
#5 C:\xampp\htdocs\yii\framework\web\CController.php(286): SiteController->runAction()
#6 C:\xampp\htdocs\yii\framework\web\CController.php(265): SiteController->runActionWithFilters()
#7 C:\xampp\htdocs\yii\framework\web\CWebApplication.php(282): SiteController->run()
#8 C:\xampp\htdocs\yii\framework\web\CWebApplication.php(141): CWebApplication->runController()
#9 C:\xampp\htdocs\yii\framework\base\CApplication.php(184): CWebApplication->processRequest()
#10 C:\xampp\htdocs\cepucup\index.php(13): CWebApplication->run()
REQUEST_URI=/cepucup/
in C:\xampp\htdocs\cepucup\protected\views\site\index.php (4)
in C:\xampp\htdocs\cepucup\protected\controllers\SiteController.php (32)
in C:\xampp\htdocs\cepucup\index.php (13)
2018/10/07 13:57:07 [error] [php] Trying to get property of non-object (C:\xampp\htdocs\cepucup\protected\views\site\index.php:4)
Stack trace:
#0 C:\xampp\htdocs\yii\framework\web\CController.php(869): SiteController->renderFile()
#1 C:\xampp\htdocs\yii\framework\web\CController.php(782): SiteController->renderPartial()
#2 C:\xampp\htdocs\cepucup\protected\controllers\SiteController.php(32): SiteController->render()
#3 C:\xampp\htdocs\yii\framework\web\actions\CInlineAction.php(49): SiteController->actionIndex()
#4 C:\xampp\htdocs\yii\framework\web\CController.php(308): CInlineAction->runWithParams()
#5 C:\xampp\htdocs\yii\framework\web\CController.php(286): SiteController->runAction()
#6 C:\xampp\htdocs\yii\framework\web\CController.php(265): SiteController->runActionWithFilters()
#7 C:\xampp\htdocs\yii\framework\web\CWebApplication.php(282): SiteController->run()
#8 C:\xampp\htdocs\yii\framework\web\CWebApplication.php(141): CWebApplication->runController()
#9 C:\xampp\htdocs\yii\framework\base\CApplication.php(184): CWebApplication->processRequest()
#10 C:\xampp\htdocs\cepucup\index.php(13): CWebApplication->run()
REQUEST_URI=/cepucup/
in C:\xampp\htdocs\cepucup\protected\views\site\index.php (4)
in C:\xampp\htdocs\cepucup\protected\controllers\SiteController.php (32)
in C:\xampp\htdocs\cepucup\index.php (13)
2018/10/07 13:57:08 [error] [php] Trying to get property of non-object (C:\xampp\htdocs\cepucup\protected\views\site\index.php:4)
Stack trace:
#0 C:\xampp\htdocs\yii\framework\web\CController.php(869): SiteController->renderFile()
#1 C:\xampp\htdocs\yii\framework\web\CController.php(782): SiteController->renderPartial()
#2 C:\xampp\htdocs\cepucup\protected\controllers\SiteController.php(32): SiteController->render()
#3 C:\xampp\htdocs\yii\framework\web\actions\CInlineAction.php(49): SiteController->actionIndex()
#4 C:\xampp\htdocs\yii\framework\web\CController.php(308): CInlineAction->runWithParams()
#5 C:\xampp\htdocs\yii\framework\web\CController.php(286): SiteController->runAction()
#6 C:\xampp\htdocs\yii\framework\web\CController.php(265): SiteController->runActionWithFilters()
#7 C:\xampp\htdocs\yii\framework\web\CWebApplication.php(282): SiteController->run()
#8 C:\xampp\htdocs\yii\framework\web\CWebApplication.php(141): CWebApplication->runController()
#9 C:\xampp\htdocs\yii\framework\base\CApplication.php(184): CWebApplication->processRequest()
#10 C:\xampp\htdocs\cepucup\index.php(13): CWebApplication->run()
REQUEST_URI=/cepucup/
in C:\xampp\htdocs\cepucup\protected\views\site\index.php (4)
in C:\xampp\htdocs\cepucup\protected\controllers\SiteController.php (32)
in C:\xampp\htdocs\cepucup\index.php (13)
2018/10/07 13:57:08 [error] [php] Trying to get property of non-object (C:\xampp\htdocs\cepucup\protected\views\site\index.php:4)
Stack trace:
#0 C:\xampp\htdocs\yii\framework\web\CController.php(869): SiteController->renderFile()
#1 C:\xampp\htdocs\yii\framework\web\CController.php(782): SiteController->renderPartial()
#2 C:\xampp\htdocs\cepucup\protected\controllers\SiteController.php(32): SiteController->render()
#3 C:\xampp\htdocs\yii\framework\web\actions\CInlineAction.php(49): SiteController->actionIndex()
#4 C:\xampp\htdocs\yii\framework\web\CController.php(308): CInlineAction->runWithParams()
#5 C:\xampp\htdocs\yii\framework\web\CController.php(286): SiteController->runAction()
#6 C:\xampp\htdocs\yii\framework\web\CController.php(265): SiteController->runActionWithFilters()
#7 C:\xampp\htdocs\yii\framework\web\CWebApplication.php(282): SiteController->run()
#8 C:\xampp\htdocs\yii\framework\web\CWebApplication.php(141): CWebApplication->runController()
#9 C:\xampp\htdocs\yii\framework\base\CApplication.php(184): CWebApplication->processRequest()
#10 C:\xampp\htdocs\cepucup\index.php(13): CWebApplication->run()
REQUEST_URI=/cepucup/
in C:\xampp\htdocs\cepucup\protected\views\site\index.php (4)
in C:\xampp\htdocs\cepucup\protected\controllers\SiteController.php (32)
in C:\xampp\htdocs\cepucup\index.php (13)
2018/10/07 13:57:08 [error] [php] Trying to get property of non-object (C:\xampp\htdocs\cepucup\protected\views\site\index.php:4)
Stack trace:
#0 C:\xampp\htdocs\yii\framework\web\CController.php(869): SiteController->renderFile()
#1 C:\xampp\htdocs\yii\framework\web\CController.php(782): SiteController->renderPartial()
#2 C:\xampp\htdocs\cepucup\protected\controllers\SiteController.php(32): SiteController->render()
#3 C:\xampp\htdocs\yii\framework\web\actions\CInlineAction.php(49): SiteController->actionIndex()
#4 C:\xampp\htdocs\yii\framework\web\CController.php(308): CInlineAction->runWithParams()
#5 C:\xampp\htdocs\yii\framework\web\CController.php(286): SiteController->runAction()
#6 C:\xampp\htdocs\yii\framework\web\CController.php(265): SiteController->runActionWithFilters()
#7 C:\xampp\htdocs\yii\framework\web\CWebApplication.php(282): SiteController->run()
#8 C:\xampp\htdocs\yii\framework\web\CWebApplication.php(141): CWebApplication->runController()
#9 C:\xampp\htdocs\yii\framework\base\CApplication.php(184): CWebApplication->processRequest()
#10 C:\xampp\htdocs\cepucup\index.php(13): CWebApplication->run()
REQUEST_URI=/cepucup/
in C:\xampp\htdocs\cepucup\protected\views\site\index.php (4)
in C:\xampp\htdocs\cepucup\protected\controllers\SiteController.php (32)
in C:\xampp\htdocs\cepucup\index.php (13)
2018/10/07 13:57:09 [error] [php] Trying to get property of non-object (C:\xampp\htdocs\cepucup\protected\views\site\index.php:4)
Stack trace:
#0 C:\xampp\htdocs\yii\framework\web\CController.php(869): SiteController->renderFile()
#1 C:\xampp\htdocs\yii\framework\web\CController.php(782): SiteController->renderPartial()
#2 C:\xampp\htdocs\cepucup\protected\controllers\SiteController.php(32): SiteController->render()
#3 C:\xampp\htdocs\yii\framework\web\actions\CInlineAction.php(49): SiteController->actionIndex()
#4 C:\xampp\htdocs\yii\framework\web\CController.php(308): CInlineAction->runWithParams()
#5 C:\xampp\htdocs\yii\framework\web\CController.php(286): SiteController->runAction()
#6 C:\xampp\htdocs\yii\framework\web\CController.php(265): SiteController->runActionWithFilters()
#7 C:\xampp\htdocs\yii\framework\web\CWebApplication.php(282): SiteController->run()
#8 C:\xampp\htdocs\yii\framework\web\CWebApplication.php(141): CWebApplication->runController()
#9 C:\xampp\htdocs\yii\framework\base\CApplication.php(184): CWebApplication->processRequest()
#10 C:\xampp\htdocs\cepucup\index.php(13): CWebApplication->run()
REQUEST_URI=/cepucup/
in C:\xampp\htdocs\cepucup\protected\views\site\index.php (4)
in C:\xampp\htdocs\cepucup\protected\controllers\SiteController.php (32)
in C:\xampp\htdocs\cepucup\index.php (13)
2018/10/07 13:57:09 [error] [php] Trying to get property of non-object (C:\xampp\htdocs\cepucup\protected\views\site\index.php:4)
Stack trace:
#0 C:\xampp\htdocs\yii\framework\web\CController.php(869): SiteController->renderFile()
#1 C:\xampp\htdocs\yii\framework\web\CController.php(782): SiteController->renderPartial()
#2 C:\xampp\htdocs\cepucup\protected\controllers\SiteController.php(32): SiteController->render()
#3 C:\xampp\htdocs\yii\framework\web\actions\CInlineAction.php(49): SiteController->actionIndex()
#4 C:\xampp\htdocs\yii\framework\web\CController.php(308): CInlineAction->runWithParams()
#5 C:\xampp\htdocs\yii\framework\web\CController.php(286): SiteController->runAction()
#6 C:\xampp\htdocs\yii\framework\web\CController.php(265): SiteController->runActionWithFilters()
#7 C:\xampp\htdocs\yii\framework\web\CWebApplication.php(282): SiteController->run()
#8 C:\xampp\htdocs\yii\framework\web\CWebApplication.php(141): CWebApplication->runController()
#9 C:\xampp\htdocs\yii\framework\base\CApplication.php(184): CWebApplication->processRequest()
#10 C:\xampp\htdocs\cepucup\index.php(13): CWebApplication->run()
REQUEST_URI=/cepucup/
in C:\xampp\htdocs\cepucup\protected\views\site\index.php (4)
in C:\xampp\htdocs\cepucup\protected\controllers\SiteController.php (32)
in C:\xampp\htdocs\cepucup\index.php (13)
2018/10/07 13:57:09 [error] [php] Trying to get property of non-object (C:\xampp\htdocs\cepucup\protected\views\site\index.php:4)
Stack trace:
#0 C:\xampp\htdocs\yii\framework\web\CController.php(869): SiteController->renderFile()
#1 C:\xampp\htdocs\yii\framework\web\CController.php(782): SiteController->renderPartial()
#2 C:\xampp\htdocs\cepucup\protected\controllers\SiteController.php(32): SiteController->render()
#3 C:\xampp\htdocs\yii\framework\web\actions\CInlineAction.php(49): SiteController->actionIndex()
#4 C:\xampp\htdocs\yii\framework\web\CController.php(308): CInlineAction->runWithParams()
#5 C:\xampp\htdocs\yii\framework\web\CController.php(286): SiteController->runAction()
#6 C:\xampp\htdocs\yii\framework\web\CController.php(265): SiteController->runActionWithFilters()
#7 C:\xampp\htdocs\yii\framework\web\CWebApplication.php(282): SiteController->run()
#8 C:\xampp\htdocs\yii\framework\web\CWebApplication.php(141): CWebApplication->runController()
#9 C:\xampp\htdocs\yii\framework\base\CApplication.php(184): CWebApplication->processRequest()
#10 C:\xampp\htdocs\cepucup\index.php(13): CWebApplication->run()
REQUEST_URI=/cepucup/
in C:\xampp\htdocs\cepucup\protected\views\site\index.php (4)
in C:\xampp\htdocs\cepucup\protected\controllers\SiteController.php (32)
in C:\xampp\htdocs\cepucup\index.php (13)
2018/10/07 13:57:09 [error] [php] Trying to get property of non-object (C:\xampp\htdocs\cepucup\protected\views\site\index.php:4)
Stack trace:
#0 C:\xampp\htdocs\yii\framework\web\CController.php(869): SiteController->renderFile()
#1 C:\xampp\htdocs\yii\framework\web\CController.php(782): SiteController->renderPartial()
#2 C:\xampp\htdocs\cepucup\protected\controllers\SiteController.php(32): SiteController->render()
#3 C:\xampp\htdocs\yii\framework\web\actions\CInlineAction.php(49): SiteController->actionIndex()
#4 C:\xampp\htdocs\yii\framework\web\CController.php(308): CInlineAction->runWithParams()
#5 C:\xampp\htdocs\yii\framework\web\CController.php(286): SiteController->runAction()
#6 C:\xampp\htdocs\yii\framework\web\CController.php(265): SiteController->runActionWithFilters()
#7 C:\xampp\htdocs\yii\framework\web\CWebApplication.php(282): SiteController->run()
#8 C:\xampp\htdocs\yii\framework\web\CWebApplication.php(141): CWebApplication->runController()
#9 C:\xampp\htdocs\yii\framework\base\CApplication.php(184): CWebApplication->processRequest()
#10 C:\xampp\htdocs\cepucup\index.php(13): CWebApplication->run()
REQUEST_URI=/cepucup/
in C:\xampp\htdocs\cepucup\protected\views\site\index.php (4)
in C:\xampp\htdocs\cepucup\protected\controllers\SiteController.php (32)
in C:\xampp\htdocs\cepucup\index.php (13)
2018/10/07 13:57:09 [error] [php] Trying to get property of non-object (C:\xampp\htdocs\cepucup\protected\views\site\index.php:4)
Stack trace:
#0 C:\xampp\htdocs\yii\framework\web\CController.php(869): SiteController->renderFile()
#1 C:\xampp\htdocs\yii\framework\web\CController.php(782): SiteController->renderPartial()
#2 C:\xampp\htdocs\cepucup\protected\controllers\SiteController.php(32): SiteController->render()
#3 C:\xampp\htdocs\yii\framework\web\actions\CInlineAction.php(49): SiteController->actionIndex()
#4 C:\xampp\htdocs\yii\framework\web\CController.php(308): CInlineAction->runWithParams()
#5 C:\xampp\htdocs\yii\framework\web\CController.php(286): SiteController->runAction()
#6 C:\xampp\htdocs\yii\framework\web\CController.php(265): SiteController->runActionWithFilters()
#7 C:\xampp\htdocs\yii\framework\web\CWebApplication.php(282): SiteController->run()
#8 C:\xampp\htdocs\yii\framework\web\CWebApplication.php(141): CWebApplication->runController()
#9 C:\xampp\htdocs\yii\framework\base\CApplication.php(184): CWebApplication->processRequest()
#10 C:\xampp\htdocs\cepucup\index.php(13): CWebApplication->run()
REQUEST_URI=/cepucup/
in C:\xampp\htdocs\cepucup\protected\views\site\index.php (4)
in C:\xampp\htdocs\cepucup\protected\controllers\SiteController.php (32)
in C:\xampp\htdocs\cepucup\index.php (13)
2018/10/07 13:57:09 [error] [php] Trying to get property of non-object (C:\xampp\htdocs\cepucup\protected\views\site\index.php:4)
Stack trace:
#0 C:\xampp\htdocs\yii\framework\web\CController.php(869): SiteController->renderFile()
#1 C:\xampp\htdocs\yii\framework\web\CController.php(782): SiteController->renderPartial()
#2 C:\xampp\htdocs\cepucup\protected\controllers\SiteController.php(32): SiteController->render()
#3 C:\xampp\htdocs\yii\framework\web\actions\CInlineAction.php(49): SiteController->actionIndex()
#4 C:\xampp\htdocs\yii\framework\web\CController.php(308): CInlineAction->runWithParams()
#5 C:\xampp\htdocs\yii\framework\web\CController.php(286): SiteController->runAction()
#6 C:\xampp\htdocs\yii\framework\web\CController.php(265): SiteController->runActionWithFilters()
#7 C:\xampp\htdocs\yii\framework\web\CWebApplication.php(282): SiteController->run()
#8 C:\xampp\htdocs\yii\framework\web\CWebApplication.php(141): CWebApplication->runController()
#9 C:\xampp\htdocs\yii\framework\base\CApplication.php(184): CWebApplication->processRequest()
#10 C:\xampp\htdocs\cepucup\index.php(13): CWebApplication->run()
REQUEST_URI=/cepucup/
in C:\xampp\htdocs\cepucup\protected\views\site\index.php (4)
in C:\xampp\htdocs\cepucup\protected\controllers\SiteController.php (32)
in C:\xampp\htdocs\cepucup\index.php (13)
2018/10/07 13:57:10 [error] [php] Trying to get property of non-object (C:\xampp\htdocs\cepucup\protected\views\site\index.php:4)
Stack trace:
#0 C:\xampp\htdocs\yii\framework\web\CController.php(869): SiteController->renderFile()
#1 C:\xampp\htdocs\yii\framework\web\CController.php(782): SiteController->renderPartial()
#2 C:\xampp\htdocs\cepucup\protected\controllers\SiteController.php(32): SiteController->render()
#3 C:\xampp\htdocs\yii\framework\web\actions\CInlineAction.php(49): SiteController->actionIndex()
#4 C:\xampp\htdocs\yii\framework\web\CController.php(308): CInlineAction->runWithParams()
#5 C:\xampp\htdocs\yii\framework\web\CController.php(286): SiteController->runAction()
#6 C:\xampp\htdocs\yii\framework\web\CController.php(265): SiteController->runActionWithFilters()
#7 C:\xampp\htdocs\yii\framework\web\CWebApplication.php(282): SiteController->run()
#8 C:\xampp\htdocs\yii\framework\web\CWebApplication.php(141): CWebApplication->runController()
#9 C:\xampp\htdocs\yii\framework\base\CApplication.php(184): CWebApplication->processRequest()
#10 C:\xampp\htdocs\cepucup\index.php(13): CWebApplication->run()
REQUEST_URI=/cepucup/
in C:\xampp\htdocs\cepucup\protected\views\site\index.php (4)
in C:\xampp\htdocs\cepucup\protected\controllers\SiteController.php (32)
in C:\xampp\htdocs\cepucup\index.php (13)
2018/10/07 13:57:13 [error] [php] Trying to get property of non-object (C:\xampp\htdocs\cepucup\protected\views\site\index.php:4)
Stack trace:
#0 C:\xampp\htdocs\yii\framework\web\CController.php(869): SiteController->renderFile()
#1 C:\xampp\htdocs\yii\framework\web\CController.php(782): SiteController->renderPartial()
#2 C:\xampp\htdocs\cepucup\protected\controllers\SiteController.php(32): SiteController->render()
#3 C:\xampp\htdocs\yii\framework\web\actions\CInlineAction.php(49): SiteController->actionIndex()
#4 C:\xampp\htdocs\yii\framework\web\CController.php(308): CInlineAction->runWithParams()
#5 C:\xampp\htdocs\yii\framework\web\CController.php(286): SiteController->runAction()
#6 C:\xampp\htdocs\yii\framework\web\CController.php(265): SiteController->runActionWithFilters()
#7 C:\xampp\htdocs\yii\framework\web\CWebApplication.php(282): SiteController->run()
#8 C:\xampp\htdocs\yii\framework\web\CWebApplication.php(141): CWebApplication->runController()
#9 C:\xampp\htdocs\yii\framework\base\CApplication.php(184): CWebApplication->processRequest()
#10 C:\xampp\htdocs\cepucup\index.php(13): CWebApplication->run()
REQUEST_URI=/cepucup/
in C:\xampp\htdocs\cepucup\protected\views\site\index.php (4)
in C:\xampp\htdocs\cepucup\protected\controllers\SiteController.php (32)
in C:\xampp\htdocs\cepucup\index.php (13)
2018/10/07 13:58:36 [error] [php] Trying to get property of non-object (C:\xampp\htdocs\cepucup\protected\views\site\index.php:4)
Stack trace:
#0 C:\xampp\htdocs\yii\framework\web\CController.php(869): SiteController->renderFile()
#1 C:\xampp\htdocs\yii\framework\web\CController.php(782): SiteController->renderPartial()
#2 C:\xampp\htdocs\cepucup\protected\controllers\SiteController.php(32): SiteController->render()
#3 C:\xampp\htdocs\yii\framework\web\actions\CInlineAction.php(49): SiteController->actionIndex()
#4 C:\xampp\htdocs\yii\framework\web\CController.php(308): CInlineAction->runWithParams()
#5 C:\xampp\htdocs\yii\framework\web\CController.php(286): SiteController->runAction()
#6 C:\xampp\htdocs\yii\framework\web\CController.php(265): SiteController->runActionWithFilters()
#7 C:\xampp\htdocs\yii\framework\web\CWebApplication.php(282): SiteController->run()
#8 C:\xampp\htdocs\yii\framework\web\CWebApplication.php(141): CWebApplication->runController()
#9 C:\xampp\htdocs\yii\framework\base\CApplication.php(184): CWebApplication->processRequest()
#10 C:\xampp\htdocs\cepucup\index.php(13): CWebApplication->run()
REQUEST_URI=/cepucup/
in C:\xampp\htdocs\cepucup\protected\views\site\index.php (4)
in C:\xampp\htdocs\cepucup\protected\controllers\SiteController.php (32)
in C:\xampp\htdocs\cepucup\index.php (13)
2018/10/07 13:59:43 [error] [php] Trying to get property of non-object (C:\xampp\htdocs\cepucup\protected\views\site\index.php:4)
Stack trace:
#0 C:\xampp\htdocs\yii\framework\web\CController.php(869): SiteController->renderFile()
#1 C:\xampp\htdocs\yii\framework\web\CController.php(782): SiteController->renderPartial()
#2 C:\xampp\htdocs\cepucup\protected\controllers\SiteController.php(32): SiteController->render()
#3 C:\xampp\htdocs\yii\framework\web\actions\CInlineAction.php(49): SiteController->actionIndex()
#4 C:\xampp\htdocs\yii\framework\web\CController.php(308): CInlineAction->runWithParams()
#5 C:\xampp\htdocs\yii\framework\web\CController.php(286): SiteController->runAction()
#6 C:\xampp\htdocs\yii\framework\web\CController.php(265): SiteController->runActionWithFilters()
#7 C:\xampp\htdocs\yii\framework\web\CWebApplication.php(282): SiteController->run()
#8 C:\xampp\htdocs\yii\framework\web\CWebApplication.php(141): CWebApplication->runController()
#9 C:\xampp\htdocs\yii\framework\base\CApplication.php(184): CWebApplication->processRequest()
#10 C:\xampp\htdocs\cepucup\index.php(13): CWebApplication->run()
REQUEST_URI=/cepucup/
in C:\xampp\htdocs\cepucup\protected\views\site\index.php (4)
in C:\xampp\htdocs\cepucup\protected\controllers\SiteController.php (32)
in C:\xampp\htdocs\cepucup\index.php (13)
2018/10/07 13:59:44 [error] [php] Trying to get property of non-object (C:\xampp\htdocs\cepucup\protected\views\site\index.php:4)
Stack trace:
#0 C:\xampp\htdocs\yii\framework\web\CController.php(869): SiteController->renderFile()
#1 C:\xampp\htdocs\yii\framework\web\CController.php(782): SiteController->renderPartial()
#2 C:\xampp\htdocs\cepucup\protected\controllers\SiteController.php(32): SiteController->render()
#3 C:\xampp\htdocs\yii\framework\web\actions\CInlineAction.php(49): SiteController->actionIndex()
#4 C:\xampp\htdocs\yii\framework\web\CController.php(308): CInlineAction->runWithParams()
#5 C:\xampp\htdocs\yii\framework\web\CController.php(286): SiteController->runAction()
#6 C:\xampp\htdocs\yii\framework\web\CController.php(265): SiteController->runActionWithFilters()
#7 C:\xampp\htdocs\yii\framework\web\CWebApplication.php(282): SiteController->run()
#8 C:\xampp\htdocs\yii\framework\web\CWebApplication.php(141): CWebApplication->runController()
#9 C:\xampp\htdocs\yii\framework\base\CApplication.php(184): CWebApplication->processRequest()
#10 C:\xampp\htdocs\cepucup\index.php(13): CWebApplication->run()
REQUEST_URI=/cepucup/
in C:\xampp\htdocs\cepucup\protected\views\site\index.php (4)
in C:\xampp\htdocs\cepucup\protected\controllers\SiteController.php (32)
in C:\xampp\htdocs\cepucup\index.php (13)
2018/10/07 13:59:45 [error] [php] Trying to get property of non-object (C:\xampp\htdocs\cepucup\protected\views\site\index.php:4)
Stack trace:
#0 C:\xampp\htdocs\yii\framework\web\CController.php(869): SiteController->renderFile()
#1 C:\xampp\htdocs\yii\framework\web\CController.php(782): SiteController->renderPartial()
#2 C:\xampp\htdocs\cepucup\protected\controllers\SiteController.php(32): SiteController->render()
#3 C:\xampp\htdocs\yii\framework\web\actions\CInlineAction.php(49): SiteController->actionIndex()
#4 C:\xampp\htdocs\yii\framework\web\CController.php(308): CInlineAction->runWithParams()
#5 C:\xampp\htdocs\yii\framework\web\CController.php(286): SiteController->runAction()
#6 C:\xampp\htdocs\yii\framework\web\CController.php(265): SiteController->runActionWithFilters()
#7 C:\xampp\htdocs\yii\framework\web\CWebApplication.php(282): SiteController->run()
#8 C:\xampp\htdocs\yii\framework\web\CWebApplication.php(141): CWebApplication->runController()
#9 C:\xampp\htdocs\yii\framework\base\CApplication.php(184): CWebApplication->processRequest()
#10 C:\xampp\htdocs\cepucup\index.php(13): CWebApplication->run()
REQUEST_URI=/cepucup/
in C:\xampp\htdocs\cepucup\protected\views\site\index.php (4)
in C:\xampp\htdocs\cepucup\protected\controllers\SiteController.php (32)
in C:\xampp\htdocs\cepucup\index.php (13)
2018/10/07 13:59:45 [error] [php] Trying to get property of non-object (C:\xampp\htdocs\cepucup\protected\views\site\index.php:4)
Stack trace:
#0 C:\xampp\htdocs\yii\framework\web\CController.php(869): SiteController->renderFile()
#1 C:\xampp\htdocs\yii\framework\web\CController.php(782): SiteController->renderPartial()
#2 C:\xampp\htdocs\cepucup\protected\controllers\SiteController.php(32): SiteController->render()
#3 C:\xampp\htdocs\yii\framework\web\actions\CInlineAction.php(49): SiteController->actionIndex()
#4 C:\xampp\htdocs\yii\framework\web\CController.php(308): CInlineAction->runWithParams()
#5 C:\xampp\htdocs\yii\framework\web\CController.php(286): SiteController->runAction()
#6 C:\xampp\htdocs\yii\framework\web\CController.php(265): SiteController->runActionWithFilters()
#7 C:\xampp\htdocs\yii\framework\web\CWebApplication.php(282): SiteController->run()
#8 C:\xampp\htdocs\yii\framework\web\CWebApplication.php(141): CWebApplication->runController()
#9 C:\xampp\htdocs\yii\framework\base\CApplication.php(184): CWebApplication->processRequest()
#10 C:\xampp\htdocs\cepucup\index.php(13): CWebApplication->run()
REQUEST_URI=/cepucup/
in C:\xampp\htdocs\cepucup\protected\views\site\index.php (4)
in C:\xampp\htdocs\cepucup\protected\controllers\SiteController.php (32)
in C:\xampp\htdocs\cepucup\index.php (13)
2018/10/07 13:59:45 [error] [php] Trying to get property of non-object (C:\xampp\htdocs\cepucup\protected\views\site\index.php:4)
Stack trace:
#0 C:\xampp\htdocs\yii\framework\web\CController.php(869): SiteController->renderFile()
#1 C:\xampp\htdocs\yii\framework\web\CController.php(782): SiteController->renderPartial()
#2 C:\xampp\htdocs\cepucup\protected\controllers\SiteController.php(32): SiteController->render()
#3 C:\xampp\htdocs\yii\framework\web\actions\CInlineAction.php(49): SiteController->actionIndex()
#4 C:\xampp\htdocs\yii\framework\web\CController.php(308): CInlineAction->runWithParams()
#5 C:\xampp\htdocs\yii\framework\web\CController.php(286): SiteController->runAction()
#6 C:\xampp\htdocs\yii\framework\web\CController.php(265): SiteController->runActionWithFilters()
#7 C:\xampp\htdocs\yii\framework\web\CWebApplication.php(282): SiteController->run()
#8 C:\xampp\htdocs\yii\framework\web\CWebApplication.php(141): CWebApplication->runController()
#9 C:\xampp\htdocs\yii\framework\base\CApplication.php(184): CWebApplication->processRequest()
#10 C:\xampp\htdocs\cepucup\index.php(13): CWebApplication->run()
REQUEST_URI=/cepucup/
in C:\xampp\htdocs\cepucup\protected\views\site\index.php (4)
in C:\xampp\htdocs\cepucup\protected\controllers\SiteController.php (32)
in C:\xampp\htdocs\cepucup\index.php (13)
2018/10/07 13:59:45 [error] [php] Trying to get property of non-object (C:\xampp\htdocs\cepucup\protected\views\site\index.php:4)
Stack trace:
#0 C:\xampp\htdocs\yii\framework\web\CController.php(869): SiteController->renderFile()
#1 C:\xampp\htdocs\yii\framework\web\CController.php(782): SiteController->renderPartial()
#2 C:\xampp\htdocs\cepucup\protected\controllers\SiteController.php(32): SiteController->render()
#3 C:\xampp\htdocs\yii\framework\web\actions\CInlineAction.php(49): SiteController->actionIndex()
#4 C:\xampp\htdocs\yii\framework\web\CController.php(308): CInlineAction->runWithParams()
#5 C:\xampp\htdocs\yii\framework\web\CController.php(286): SiteController->runAction()
#6 C:\xampp\htdocs\yii\framework\web\CController.php(265): SiteController->runActionWithFilters()
#7 C:\xampp\htdocs\yii\framework\web\CWebApplication.php(282): SiteController->run()
#8 C:\xampp\htdocs\yii\framework\web\CWebApplication.php(141): CWebApplication->runController()
#9 C:\xampp\htdocs\yii\framework\base\CApplication.php(184): CWebApplication->processRequest()
#10 C:\xampp\htdocs\cepucup\index.php(13): CWebApplication->run()
REQUEST_URI=/cepucup/
in C:\xampp\htdocs\cepucup\protected\views\site\index.php (4)
in C:\xampp\htdocs\cepucup\protected\controllers\SiteController.php (32)
in C:\xampp\htdocs\cepucup\index.php (13)
2018/10/07 13:59:46 [error] [php] Trying to get property of non-object (C:\xampp\htdocs\cepucup\protected\views\site\index.php:4)
Stack trace:
#0 C:\xampp\htdocs\yii\framework\web\CController.php(869): SiteController->renderFile()
#1 C:\xampp\htdocs\yii\framework\web\CController.php(782): SiteController->renderPartial()
#2 C:\xampp\htdocs\cepucup\protected\controllers\SiteController.php(32): SiteController->render()
#3 C:\xampp\htdocs\yii\framework\web\actions\CInlineAction.php(49): SiteController->actionIndex()
#4 C:\xampp\htdocs\yii\framework\web\CController.php(308): CInlineAction->runWithParams()
#5 C:\xampp\htdocs\yii\framework\web\CController.php(286): SiteController->runAction()
#6 C:\xampp\htdocs\yii\framework\web\CController.php(265): SiteController->runActionWithFilters()
#7 C:\xampp\htdocs\yii\framework\web\CWebApplication.php(282): SiteController->run()
#8 C:\xampp\htdocs\yii\framework\web\CWebApplication.php(141): CWebApplication->runController()
#9 C:\xampp\htdocs\yii\framework\base\CApplication.php(184): CWebApplication->processRequest()
#10 C:\xampp\htdocs\cepucup\index.php(13): CWebApplication->run()
REQUEST_URI=/cepucup/
in C:\xampp\htdocs\cepucup\protected\views\site\index.php (4)
in C:\xampp\htdocs\cepucup\protected\controllers\SiteController.php (32)
in C:\xampp\htdocs\cepucup\index.php (13)
2018/10/07 13:59:46 [error] [php] Trying to get property of non-object (C:\xampp\htdocs\cepucup\protected\views\site\index.php:4)
Stack trace:
#0 C:\xampp\htdocs\yii\framework\web\CController.php(869): SiteController->renderFile()
#1 C:\xampp\htdocs\yii\framework\web\CController.php(782): SiteController->renderPartial()
#2 C:\xampp\htdocs\cepucup\protected\controllers\SiteController.php(32): SiteController->render()
#3 C:\xampp\htdocs\yii\framework\web\actions\CInlineAction.php(49): SiteController->actionIndex()
#4 C:\xampp\htdocs\yii\framework\web\CController.php(308): CInlineAction->runWithParams()
#5 C:\xampp\htdocs\yii\framework\web\CController.php(286): SiteController->runAction()
#6 C:\xampp\htdocs\yii\framework\web\CController.php(265): SiteController->runActionWithFilters()
#7 C:\xampp\htdocs\yii\framework\web\CWebApplication.php(282): SiteController->run()
#8 C:\xampp\htdocs\yii\framework\web\CWebApplication.php(141): CWebApplication->runController()
#9 C:\xampp\htdocs\yii\framework\base\CApplication.php(184): CWebApplication->processRequest()
#10 C:\xampp\htdocs\cepucup\index.php(13): CWebApplication->run()
REQUEST_URI=/cepucup/
in C:\xampp\htdocs\cepucup\protected\views\site\index.php (4)
in C:\xampp\htdocs\cepucup\protected\controllers\SiteController.php (32)
in C:\xampp\htdocs\cepucup\index.php (13)
2018/10/07 13:59:46 [error] [php] Trying to get property of non-object (C:\xampp\htdocs\cepucup\protected\views\site\index.php:4)
Stack trace:
#0 C:\xampp\htdocs\yii\framework\web\CController.php(869): SiteController->renderFile()
#1 C:\xampp\htdocs\yii\framework\web\CController.php(782): SiteController->renderPartial()
#2 C:\xampp\htdocs\cepucup\protected\controllers\SiteController.php(32): SiteController->render()
#3 C:\xampp\htdocs\yii\framework\web\actions\CInlineAction.php(49): SiteController->actionIndex()
#4 C:\xampp\htdocs\yii\framework\web\CController.php(308): CInlineAction->runWithParams()
#5 C:\xampp\htdocs\yii\framework\web\CController.php(286): SiteController->runAction()
#6 C:\xampp\htdocs\yii\framework\web\CController.php(265): SiteController->runActionWithFilters()
#7 C:\xampp\htdocs\yii\framework\web\CWebApplication.php(282): SiteController->run()
#8 C:\xampp\htdocs\yii\framework\web\CWebApplication.php(141): CWebApplication->runController()
#9 C:\xampp\htdocs\yii\framework\base\CApplication.php(184): CWebApplication->processRequest()
#10 C:\xampp\htdocs\cepucup\index.php(13): CWebApplication->run()
REQUEST_URI=/cepucup/
in C:\xampp\htdocs\cepucup\protected\views\site\index.php (4)
in C:\xampp\htdocs\cepucup\protected\controllers\SiteController.php (32)
in C:\xampp\htdocs\cepucup\index.php (13)
2018/10/07 13:59:46 [error] [php] Trying to get property of non-object (C:\xampp\htdocs\cepucup\protected\views\site\index.php:4)
Stack trace:
#0 C:\xampp\htdocs\yii\framework\web\CController.php(869): SiteController->renderFile()
#1 C:\xampp\htdocs\yii\framework\web\CController.php(782): SiteController->renderPartial()
#2 C:\xampp\htdocs\cepucup\protected\controllers\SiteController.php(32): SiteController->render()
#3 C:\xampp\htdocs\yii\framework\web\actions\CInlineAction.php(49): SiteController->actionIndex()
#4 C:\xampp\htdocs\yii\framework\web\CController.php(308): CInlineAction->runWithParams()
#5 C:\xampp\htdocs\yii\framework\web\CController.php(286): SiteController->runAction()
#6 C:\xampp\htdocs\yii\framework\web\CController.php(265): SiteController->runActionWithFilters()
#7 C:\xampp\htdocs\yii\framework\web\CWebApplication.php(282): SiteController->run()
#8 C:\xampp\htdocs\yii\framework\web\CWebApplication.php(141): CWebApplication->runController()
#9 C:\xampp\htdocs\yii\framework\base\CApplication.php(184): CWebApplication->processRequest()
#10 C:\xampp\htdocs\cepucup\index.php(13): CWebApplication->run()
REQUEST_URI=/cepucup/
in C:\xampp\htdocs\cepucup\protected\views\site\index.php (4)
in C:\xampp\htdocs\cepucup\protected\controllers\SiteController.php (32)
in C:\xampp\htdocs\cepucup\index.php (13)
2018/10/07 13:59:46 [error] [php] Trying to get property of non-object (C:\xampp\htdocs\cepucup\protected\views\site\index.php:4)
Stack trace:
#0 C:\xampp\htdocs\yii\framework\web\CController.php(869): SiteController->renderFile()
#1 C:\xampp\htdocs\yii\framework\web\CController.php(782): SiteController->renderPartial()
#2 C:\xampp\htdocs\cepucup\protected\controllers\SiteController.php(32): SiteController->render()
#3 C:\xampp\htdocs\yii\framework\web\actions\CInlineAction.php(49): SiteController->actionIndex()
#4 C:\xampp\htdocs\yii\framework\web\CController.php(308): CInlineAction->runWithParams()
#5 C:\xampp\htdocs\yii\framework\web\CController.php(286): SiteController->runAction()
#6 C:\xampp\htdocs\yii\framework\web\CController.php(265): SiteController->runActionWithFilters()
#7 C:\xampp\htdocs\yii\framework\web\CWebApplication.php(282): SiteController->run()
#8 C:\xampp\htdocs\yii\framework\web\CWebApplication.php(141): CWebApplication->runController()
#9 C:\xampp\htdocs\yii\framework\base\CApplication.php(184): CWebApplication->processRequest()
#10 C:\xampp\htdocs\cepucup\index.php(13): CWebApplication->run()
REQUEST_URI=/cepucup/
in C:\xampp\htdocs\cepucup\protected\views\site\index.php (4)
in C:\xampp\htdocs\cepucup\protected\controllers\SiteController.php (32)
in C:\xampp\htdocs\cepucup\index.php (13)
2018/10/07 14:00:10 [error] [php] Trying to get property of non-object (C:\xampp\htdocs\cepucup\protected\views\site\index.php:4)
Stack trace:
#0 C:\xampp\htdocs\yii\framework\web\CController.php(869): SiteController->renderFile()
#1 C:\xampp\htdocs\yii\framework\web\CController.php(782): SiteController->renderPartial()
#2 C:\xampp\htdocs\cepucup\protected\controllers\SiteController.php(32): SiteController->render()
#3 C:\xampp\htdocs\yii\framework\web\actions\CInlineAction.php(49): SiteController->actionIndex()
#4 C:\xampp\htdocs\yii\framework\web\CController.php(308): CInlineAction->runWithParams()
#5 C:\xampp\htdocs\yii\framework\web\CController.php(286): SiteController->runAction()
#6 C:\xampp\htdocs\yii\framework\web\CController.php(265): SiteController->runActionWithFilters()
#7 C:\xampp\htdocs\yii\framework\web\CWebApplication.php(282): SiteController->run()
#8 C:\xampp\htdocs\yii\framework\web\CWebApplication.php(141): CWebApplication->runController()
#9 C:\xampp\htdocs\yii\framework\base\CApplication.php(184): CWebApplication->processRequest()
#10 C:\xampp\htdocs\cepucup\index.php(13): CWebApplication->run()
REQUEST_URI=/cepucup/
in C:\xampp\htdocs\cepucup\protected\views\site\index.php (4)
in C:\xampp\htdocs\cepucup\protected\controllers\SiteController.php (32)
in C:\xampp\htdocs\cepucup\index.php (13)
2018/10/07 14:02:41 [error] [exception.CException] exception 'CException' with message 'Property "CWebApplication.img" is not defined.' in C:\xampp\htdocs\yii\framework\base\CComponent.php:130
Stack trace:
#0 C:\xampp\htdocs\yii\framework\base\CModule.php(105): CComponent->__get('img')
#1 C:\xampp\htdocs\cepucup\protected\views\site\index.php(4): CModule->__get('img')
#2 C:\xampp\htdocs\yii\framework\web\CBaseController.php(126): require('C:\\xampp\\htdocs...')
#3 C:\xampp\htdocs\yii\framework\web\CBaseController.php(95): CBaseController->renderInternal('C:\\xampp\\htdocs...', NULL, true)
#4 C:\xampp\htdocs\yii\framework\web\CController.php(869): CBaseController->renderFile('C:\\xampp\\htdocs...', NULL, true)
#5 C:\xampp\htdocs\yii\framework\web\CController.php(782): CController->renderPartial('index', NULL, true)
#6 C:\xampp\htdocs\cepucup\protected\controllers\SiteController.php(32): CController->render('index')
#7 C:\xampp\htdocs\yii\framework\web\actions\CInlineAction.php(49): SiteController->actionIndex()
#8 C:\xampp\htdocs\yii\framework\web\CController.php(308): CInlineAction->runWithParams(Array)
#9 C:\xampp\htdocs\yii\framework\web\CController.php(286): CController->runAction(Object(CInlineAction))
#10 C:\xampp\htdocs\yii\framework\web\CController.php(265): CController->runActionWithFilters(Object(CInlineAction), Array)
#11 C:\xampp\htdocs\yii\framework\web\CWebApplication.php(282): CController->run('')
#12 C:\xampp\htdocs\yii\framework\web\CWebApplication.php(141): CWebApplication->runController('')
#13 C:\xampp\htdocs\yii\framework\base\CApplication.php(184): CWebApplication->processRequest()
#14 C:\xampp\htdocs\cepucup\index.php(13): CApplication->run()
#15 {main}
REQUEST_URI=/cepucup/
---
2018/10/07 14:04:44 [error] [exception.CException] exception 'CException' with message 'Property "CWebApplication.images" is not defined.' in C:\xampp\htdocs\yii\framework\base\CComponent.php:130
Stack trace:
#0 C:\xampp\htdocs\yii\framework\base\CModule.php(105): CComponent->__get('images')
#1 C:\xampp\htdocs\cepucup\protected\views\site\index.php(4): CModule->__get('images')
#2 C:\xampp\htdocs\yii\framework\web\CBaseController.php(126): require('C:\\xampp\\htdocs...')
#3 C:\xampp\htdocs\yii\framework\web\CBaseController.php(95): CBaseController->renderInternal('C:\\xampp\\htdocs...', NULL, true)
#4 C:\xampp\htdocs\yii\framework\web\CController.php(869): CBaseController->renderFile('C:\\xampp\\htdocs...', NULL, true)
#5 C:\xampp\htdocs\yii\framework\web\CController.php(782): CController->renderPartial('index', NULL, true)
#6 C:\xampp\htdocs\cepucup\protected\controllers\SiteController.php(32): CController->render('index')
#7 C:\xampp\htdocs\yii\framework\web\actions\CInlineAction.php(49): SiteController->actionIndex()
#8 C:\xampp\htdocs\yii\framework\web\CController.php(308): CInlineAction->runWithParams(Array)
#9 C:\xampp\htdocs\yii\framework\web\CController.php(286): CController->runAction(Object(CInlineAction))
#10 C:\xampp\htdocs\yii\framework\web\CController.php(265): CController->runActionWithFilters(Object(CInlineAction), Array)
#11 C:\xampp\htdocs\yii\framework\web\CWebApplication.php(282): CController->run('')
#12 C:\xampp\htdocs\yii\framework\web\CWebApplication.php(141): CWebApplication->runController('')
#13 C:\xampp\htdocs\yii\framework\base\CApplication.php(184): CWebApplication->processRequest()
#14 C:\xampp\htdocs\cepucup\index.php(13): CApplication->run()
#15 {main}
REQUEST_URI=/cepucup/
---
2018/10/07 14:05:01 [error] [php] Trying to get property of non-object (C:\xampp\htdocs\cepucup\protected\views\layouts\tpl_header.php:11)
Stack trace:
#0 C:\xampp\htdocs\yii\framework\web\CBaseController.php(95): SiteController->renderInternal()
#1 C:\xampp\htdocs\yii\framework\web\widgets\CContentDecorator.php(76): SiteController->renderFile()
#2 C:\xampp\htdocs\yii\framework\web\widgets\CContentDecorator.php(54): CContentDecorator->decorate()
#3 C:\xampp\htdocs\yii\framework\web\widgets\COutputProcessor.php(44): CContentDecorator->processOutput()
#4 C:\xampp\htdocs\yii\framework\web\CBaseController.php(214): CContentDecorator->run()
#5 C:\xampp\htdocs\yii\framework\web\CBaseController.php(308): SiteController->endWidget()
#6 C:\xampp\htdocs\cepucup\protected\views\layouts\column1.php(10): SiteController->endContent()
#7 C:\xampp\htdocs\yii\framework\web\CBaseController.php(126): require()
#8 C:\xampp\htdocs\yii\framework\web\CBaseController.php(95): SiteController->renderInternal()
#9 C:\xampp\htdocs\yii\framework\web\CController.php(784): SiteController->renderFile()
#10 C:\xampp\htdocs\cepucup\protected\controllers\SiteController.php(32): SiteController->render()
#11 C:\xampp\htdocs\yii\framework\web\actions\CInlineAction.php(49): SiteController->actionIndex()
#12 C:\xampp\htdocs\yii\framework\web\CController.php(308): CInlineAction->runWithParams()
#13 C:\xampp\htdocs\yii\framework\web\CController.php(286): SiteController->runAction()
#14 C:\xampp\htdocs\yii\framework\web\CController.php(265): SiteController->runActionWithFilters()
#15 C:\xampp\htdocs\yii\framework\web\CWebApplication.php(282): SiteController->run()
#16 C:\xampp\htdocs\yii\framework\web\CWebApplication.php(141): CWebApplication->runController()
#17 C:\xampp\htdocs\yii\framework\base\CApplication.php(184): CWebApplication->processRequest()
#18 C:\xampp\htdocs\cepucup\index.php(13): CWebApplication->run()
REQUEST_URI=/cepucup/
in C:\xampp\htdocs\cepucup\protected\views\layouts\tpl_header.php (11)
in C:\xampp\htdocs\cepucup\protected\views\layouts\main.php (2)
in C:\xampp\htdocs\cepucup\protected\views\layouts\column1.php (10)
2018/10/07 14:06:22 [error] [php] Trying to get property of non-object (C:\xampp\htdocs\cepucup\protected\views\layouts\tpl_footer.php:99)
Stack trace:
#0 C:\xampp\htdocs\yii\framework\web\CBaseController.php(95): SiteController->renderInternal()
#1 C:\xampp\htdocs\yii\framework\web\widgets\CContentDecorator.php(76): SiteController->renderFile()
#2 C:\xampp\htdocs\yii\framework\web\widgets\CContentDecorator.php(54): CContentDecorator->decorate()
#3 C:\xampp\htdocs\yii\framework\web\widgets\COutputProcessor.php(44): CContentDecorator->processOutput()
#4 C:\xampp\htdocs\yii\framework\web\CBaseController.php(214): CContentDecorator->run()
#5 C:\xampp\htdocs\yii\framework\web\CBaseController.php(308): SiteController->endWidget()
#6 C:\xampp\htdocs\cepucup\protected\views\layouts\column1.php(10): SiteController->endContent()
#7 C:\xampp\htdocs\yii\framework\web\CBaseController.php(126): require()
#8 C:\xampp\htdocs\yii\framework\web\CBaseController.php(95): SiteController->renderInternal()
#9 C:\xampp\htdocs\yii\framework\web\CController.php(784): SiteController->renderFile()
#10 C:\xampp\htdocs\cepucup\protected\controllers\SiteController.php(32): SiteController->render()
#11 C:\xampp\htdocs\yii\framework\web\actions\CInlineAction.php(49): SiteController->actionIndex()
#12 C:\xampp\htdocs\yii\framework\web\CController.php(308): CInlineAction->runWithParams()
#13 C:\xampp\htdocs\yii\framework\web\CController.php(286): SiteController->runAction()
#14 C:\xampp\htdocs\yii\framework\web\CController.php(265): SiteController->runActionWithFilters()
#15 C:\xampp\htdocs\yii\framework\web\CWebApplication.php(282): SiteController->run()
#16 C:\xampp\htdocs\yii\framework\web\CWebApplication.php(141): CWebApplication->runController()
#17 C:\xampp\htdocs\yii\framework\base\CApplication.php(184): CWebApplication->processRequest()
#18 C:\xampp\htdocs\cepucup\index.php(13): CWebApplication->run()
REQUEST_URI=/cepucup/
in C:\xampp\htdocs\cepucup\protected\views\layouts\tpl_footer.php (99)
in C:\xampp\htdocs\cepucup\protected\views\layouts\main.php (11)
in C:\xampp\htdocs\cepucup\protected\views\layouts\column1.php (10)
2018/10/07 14:07:50 [error] [exception.CHttpException.404] exception 'CHttpException' with message 'The system is unable to find the requested action "login".' in C:\xampp\htdocs\yii\framework\web\CController.php:483
Stack trace:
#0 C:\xampp\htdocs\yii\framework\web\CController.php(270): CController->missingAction('login')
#1 C:\xampp\htdocs\yii\framework\web\CWebApplication.php(282): CController->run('login')
#2 C:\xampp\htdocs\yii\framework\web\CWebApplication.php(141): CWebApplication->runController('site/login')
#3 C:\xampp\htdocs\yii\framework\base\CApplication.php(184): CWebApplication->processRequest()
#4 C:\xampp\htdocs\cepucup\index.php(13): CApplication->run()
#5 {main}
REQUEST_URI=/cepucup/index.php?r=site/login
HTTP_REFERER=http://localhost/cepucup/index.php?r=site/page&view=columns
---
